<?xml version="1.0" encoding="UTF-8"?>
<!-- Generated by org.testng.reporters.JUnitReportReporter -->
<testsuite hostname="SP01B01ZZ4548A" failures="0" tests="1" name="todo.testcases.LoginTest" time="5.173" errors="0" timestamp="2022-07-05T15:07:55 AST" skipped="0">
  <testcase classname="todo.testcases.LoginTest" name="shouldBeAbleToLoginWithEmailAndPassword" time="5.173"/>
  <system-out/>
</testsuite> <!-- todo.testcases.LoginTest -->
