<?xml version="1.0" encoding="UTF-8"?>
<!-- Generated by org.testng.reporters.JUnitReportReporter -->
<testsuite hostname="SP01B01ZZ4548A" failures="0" tests="2" name="todo.testcases.TodoTest" time="6.517" errors="0" timestamp="2022-07-06T07:50:22 AST" skipped="1">
  <testcase classname="todo.testcases.TodoTest" name="shouldBeAbleToAddNewTodo" time="6.517"/>
  <system-out/>
  <testcase classname="todo.testcases.TodoTest" name="shouldBeAbleToDeleteTodo">
    <skipped/>
  </testcase> <!-- shouldBeAbleToDeleteTodo -->
  <system-out/>
</testsuite> <!-- todo.testcases.TodoTest -->
